  Building 'DBKKernel' with toolset 'WindowsKernelModeDriver10.0' and the 'Desktop' target platform.
  Stamping x64\Releasewithoutsig\DBK64.inf
  Stamping [Version] section with DriverVer=11/12/2023,23.34.46.360
D:\fuzhu\workspace\cheat-engine\DBKKernel\DBK64.inf(5-5): warning 1324: [Version] section should specify PnpLockdown=1.
  Assembling amd64\dbkfunca.asm...
  Assembling amd64\debuggera.asm...
  Assembling amd64\noexceptionsa.asm...
  Assembling amd64\ultimapa.asm...
  Assembling amd64\vmxhelpera.asm...
  Assembling amd64\vmxoffloada.asm...
  DBKDrvr.c
  DBKFunc.c
  debugger.c
  deepkernel.c
  interruptHook.c
  IOPLDispatcher.c
  memscan.c
  noexceptions.c
  processlist.c
  threads.c
  ultimap.c
  ultimap2.c
  apic.c
  vmxhelper.c
  vmxoffload.c
  正在生成代码...
  DBKKernel.vcxproj -> D:\fuzhu\workspace\cheat-engine\Cheat Engine\bin\SmithEngine64.sys
  
  The following certificates were considered:
      Issued to: WDKTestCert jcyao,133442655760268553
  
      Issued by: WDKTestCert jcyao,133442655760268553
  
      Expires:   Sat Nov 12 08:00:00 2033
  
      SHA1 hash: 1CF6306D53F59433FFA1D768CAF3F1EC0A2B2551
  
  
      Issued to: YI ZENG
  
      Issued by: VeriSign Class 3 Code Signing 2010 CA
  
      Expires:   Thu Jan 01 07:59:59 2015
  
      SHA1 hash: 0DD4552A9AABC00F61E619F4812DAFADCAA48715
  
  
  After EKU filter, 2 certs were left.
  After expiry filter, 1 certs were left.
  After Hash filter, 1 certs were left.
  After Private Key filter, 1 certs were left.
  The following certificate was selected:
      Issued to: WDKTestCert jcyao,133442655760268553
  
      Issued by: WDKTestCert jcyao,133442655760268553
  
      Expires:   Sat Nov 12 08:00:00 2033
  
      SHA1 hash: 1CF6306D53F59433FFA1D768CAF3F1EC0A2B2551
  
  
  Done Adding Additional Store
  Successfully signed: D:\fuzhu\workspace\cheat-engine\Cheat Engine\bin\SmithEngine64.sys
  
  
  Number of files successfully Signed: 1
  
  Number of warnings: 0
  
  Number of errors: 0
  
