d:\fuzhu\workspace\cheat-engine\dbkkernel\x64\releasewithoutsig\vc142.pdb
d:\fuzhu\workspace\cheat-engine\dbkkernel\x64\releasewithoutsig\vmxoffload.obj
d:\fuzhu\workspace\cheat-engine\dbkkernel\x64\releasewithoutsig\vmxhelper.obj
d:\fuzhu\workspace\cheat-engine\dbkkernel\x64\releasewithoutsig\apic.obj
d:\fuzhu\workspace\cheat-engine\dbkkernel\x64\releasewithoutsig\ultimap2.obj
d:\fuzhu\workspace\cheat-engine\dbkkernel\x64\releasewithoutsig\ultimap.obj
d:\fuzhu\workspace\cheat-engine\dbkkernel\x64\releasewithoutsig\threads.obj
d:\fuzhu\workspace\cheat-engine\dbkkernel\x64\releasewithoutsig\processlist.obj
d:\fuzhu\workspace\cheat-engine\dbkkernel\x64\releasewithoutsig\noexceptions.obj
d:\fuzhu\workspace\cheat-engine\dbkkernel\x64\releasewithoutsig\memscan.obj
d:\fuzhu\workspace\cheat-engine\dbkkernel\x64\releasewithoutsig\iopldispatcher.obj
d:\fuzhu\workspace\cheat-engine\dbkkernel\x64\releasewithoutsig\interrupthook.obj
d:\fuzhu\workspace\cheat-engine\dbkkernel\x64\releasewithoutsig\deepkernel.obj
d:\fuzhu\workspace\cheat-engine\dbkkernel\x64\releasewithoutsig\debugger.obj
d:\fuzhu\workspace\cheat-engine\dbkkernel\x64\releasewithoutsig\dbkfunc.obj
d:\fuzhu\workspace\cheat-engine\dbkkernel\x64\releasewithoutsig\dbkdrvr.obj
d:\fuzhu\workspace\cheat-engine\cheat engine\bin\smithengine64.sys
d:\fuzhu\workspace\cheat-engine\cheat engine\bin\smithengine64.pdb
d:\fuzhu\workspace\cheat-engine\dbkkernel\x64\releasewithoutsig\dbkfunca.obj
d:\fuzhu\workspace\cheat-engine\dbkkernel\x64\releasewithoutsig\debuggera.obj
d:\fuzhu\workspace\cheat-engine\dbkkernel\x64\releasewithoutsig\noexceptionsa.obj
d:\fuzhu\workspace\cheat-engine\dbkkernel\x64\releasewithoutsig\ultimapa.obj
d:\fuzhu\workspace\cheat-engine\dbkkernel\x64\releasewithoutsig\vmxhelpera.obj
d:\fuzhu\workspace\cheat-engine\dbkkernel\x64\releasewithoutsig\vmxoffloada.obj
d:\fuzhu\workspace\cheat-engine\dbkkernel\x64\releasewithoutsig\dbk64.inf
d:\fuzhu\workspace\cheat-engine\dbkkernel\x64\releasewithoutsig\dbkkernel.tlog\cl.command.1.tlog
d:\fuzhu\workspace\cheat-engine\dbkkernel\x64\releasewithoutsig\dbkkernel.tlog\cl.read.1.tlog
d:\fuzhu\workspace\cheat-engine\dbkkernel\x64\releasewithoutsig\dbkkernel.tlog\cl.write.1.tlog
d:\fuzhu\workspace\cheat-engine\dbkkernel\x64\releasewithoutsig\dbkkernel.tlog\link.command.1.tlog
d:\fuzhu\workspace\cheat-engine\dbkkernel\x64\releasewithoutsig\dbkkernel.tlog\link.read.1.tlog
d:\fuzhu\workspace\cheat-engine\dbkkernel\x64\releasewithoutsig\dbkkernel.tlog\link.write.1.tlog
d:\fuzhu\workspace\cheat-engine\dbkkernel\x64\releasewithoutsig\dbkkernel.tlog\masm.read.1u.tlog
d:\fuzhu\workspace\cheat-engine\dbkkernel\x64\releasewithoutsig\dbkkernel.tlog\masm.write.1u.tlog
d:\fuzhu\workspace\cheat-engine\dbkkernel\x64\releasewithoutsig\dbkkernel.tlog\signtool.command.1.tlog
d:\fuzhu\workspace\cheat-engine\dbkkernel\x64\releasewithoutsig\dbkkernel.tlog\signtool.read.1.tlog
d:\fuzhu\workspace\cheat-engine\dbkkernel\x64\releasewithoutsig\dbkkernel.tlog\signtool.timestamp.1.tlog
d:\fuzhu\workspace\cheat-engine\dbkkernel\x64\releasewithoutsig\dbkkernel.tlog\signtool.write.1.tlog
d:\fuzhu\workspace\cheat-engine\dbkkernel\x64\releasewithoutsig\dbkkernel.tlog\stampinf.command.1.tlog
d:\fuzhu\workspace\cheat-engine\dbkkernel\x64\releasewithoutsig\dbkkernel.tlog\stampinf.read.1.tlog
d:\fuzhu\workspace\cheat-engine\dbkkernel\x64\releasewithoutsig\dbkkernel.tlog\stampinf.write.1.tlog
